app/build/outputs/logs/manifest-merger-debug-report.txt
-- Merging decision tree log ---
manifest
ADDED from src\main\AndroidManifest.xml:2:1-50:12
INJECTED from src\main\AndroidManifest.xml:2:1-50:12
INJECTED from src\main\AndroidManifest.xml:2:1-50:12
INJECTED from src\main\AndroidManifest.xml:2:1-50:12
MERGED from [com.indooratlas.android:indooratlas-android-sdk:2.7.0-beta-848] AndroidManifest.xml:2:1-36:12
MERGED from [com.indooratlas.android:indooratlas-android-wayfinding:2.7.0-beta-9] AndroidManifest.xml:2:1-18:12
MERGED from [com.android.support:appcompat-v7:27.1.0] AndroidManifest.xml:17:1-22:12
MERGED from [com.android.support.constraint:constraint-layout:1.0.2] AndroidManifest.xml:2:1-11:12
MERGED from [com.android.support:support-fragment:27.1.0] AndroidManifest.xml:17:1-22:12
MERGED from [com.android.support:animated-vector-drawable:27.1.0] AndroidManifest.xml:17:1-22:12
MERGED from [com.android.support:support-core-ui:27.1.0] AndroidManifest.xml:17:1-22:12
MERGED from [com.android.support:support-core-utils:27.1.0] AndroidManifest.xml:17:1-22:12
MERGED from [com.android.support:support-vector-drawable:27.1.0] AndroidManifest.xml:17:1-22:12
MERGED from [com.android.support:support-compat:27.1.0] AndroidManifest.xml:17:1-22:12
MERGED from [android.arch.lifecycle:livedata-core:1.1.0] AndroidManifest.xml:17:1-22:12
MERGED from [android.arch.lifecycle:viewmodel:1.1.0] AndroidManifest.xml:17:1-22:12
MERGED from [android.arch.lifecycle:runtime:1.1.0] AndroidManifest.xml:17:1-22:12
MERGED from [android.arch.core:runtime:1.1.0] AndroidManifest.xml:17:1-22:12
INJECTED from src\main\AndroidManifest.xml:2:1-50:12
INJECTED from src\main\AndroidManifest.xml:2:1-50:12
INJECTED from src\main\AndroidManifest.xml:2:1-50:12
	package
		ADDED from src\main\AndroidManifest.xml:3:5-41
		INJECTED from src\main\AndroidManifest.xml
		INJECTED from src\main\AndroidManifest.xml
	android:versionName
		INJECTED from src\main\AndroidManifest.xml
		ADDED from src\main\AndroidManifest.xml:2:1-50:12
		INJECTED from src\main\AndroidManifest.xml
	android:versionCode
		INJECTED from src\main\AndroidManifest.xml
		ADDED from src\main\AndroidManifest.xml:2:1-50:12
		INJECTED from src\main\AndroidManifest.xml
	xmlns:android
		ADDED from src\main\AndroidManifest.xml:2:11-69
uses-feature#0x00020000
ADDED from src\main\AndroidManifest.xml:4:5-6:35
	android:glEsVersion
		ADDED from src\main\AndroidManifest.xml:5:9-41
	android:required
		ADDED from src\main\AndroidManifest.xml:6:9-32
uses-feature#android.hardware.sensor.accelerometer
ADDED from src\main\AndroidManifest.xml:7:5-8:35
MERGED from [com.indooratlas.android:indooratlas-android-sdk:2.7.0-beta-848] AndroidManifest.xml:17:5-19:36
MERGED from [com.indooratlas.android:indooratlas-android-sdk:2.7.0-beta-848] AndroidManifest.xml:17:5-19:36
	android:required
		ADDED from src\main\AndroidManifest.xml:8:9-32
	android:name
		ADDED from src\main\AndroidManifest.xml:7:19-71
uses-feature#android.hardware.sensor.compass
ADDED from src\main\AndroidManifest.xml:9:5-10:35
MERGED from [com.indooratlas.android:indooratlas-android-sdk:2.7.0-beta-848] AndroidManifest.xml:20:5-22:36
MERGED from [com.indooratlas.android:indooratlas-android-sdk:2.7.0-beta-848] AndroidManifest.xml:20:5-22:36
	android:required
		ADDED from src\main\AndroidManifest.xml:10:9-32
	android:name
		ADDED from src\main\AndroidManifest.xml:9:19-65
uses-feature#android.hardware.sensor.gyroscope
ADDED from src\main\AndroidManifest.xml:11:5-12:35
MERGED from [com.indooratlas.android:indooratlas-android-sdk:2.7.0-beta-848] AndroidManifest.xml:23:5-25:36
MERGED from [com.indooratlas.android:indooratlas-android-sdk:2.7.0-beta-848] AndroidManifest.xml:23:5-25:36
	android:required
		ADDED from src\main\AndroidManifest.xml:12:9-32
	android:name
		ADDED from src\main\AndroidManifest.xml:11:19-67
uses-feature#android.hardware.wifi
ADDED from src\main\AndroidManifest.xml:13:5-14:35
MERGED from [com.indooratlas.android:indooratlas-android-sdk:2.7.0-beta-848] AndroidManifest.xml:26:5-28:35
MERGED from [com.indooratlas.android:indooratlas-android-sdk:2.7.0-beta-848] AndroidManifest.xml:26:5-28:35
	android:required
		ADDED from src\main\AndroidManifest.xml:14:9-32
	android:name
		ADDED from src\main\AndroidManifest.xml:13:19-55
application
ADDED from src\main\AndroidManifest.xml:15:5-43:19
MERGED from [com.indooratlas.android:indooratlas-android-sdk:2.7.0-beta-848] AndroidManifest.xml:30:5-34:19
MERGED from [com.indooratlas.android:indooratlas-android-sdk:2.7.0-beta-848] AndroidManifest.xml:30:5-34:19
MERGED from [com.indooratlas.android:indooratlas-android-wayfinding:2.7.0-beta-9] AndroidManifest.xml:11:5-16:19
MERGED from [com.indooratlas.android:indooratlas-android-wayfinding:2.7.0-beta-9] AndroidManifest.xml:11:5-16:19
MERGED from [com.android.support.constraint:constraint-layout:1.0.2] AndroidManifest.xml:9:5-20
MERGED from [com.android.support.constraint:constraint-layout:1.0.2] AndroidManifest.xml:9:5-20
	android:supportsRtl
		ADDED from src\main\AndroidManifest.xml:20:9-35
	android:label
		ADDED from src\main\AndroidManifest.xml:18:9-41
	android:roundIcon
		ADDED from src\main\AndroidManifest.xml:19:9-54
	android:icon
		ADDED from src\main\AndroidManifest.xml:17:9-43
	android:allowBackup
		ADDED from src\main\AndroidManifest.xml:16:9-35
	android:theme
		ADDED from src\main\AndroidManifest.xml:21:9-40
activity#com.zoom.event.compasstest.MainActivity
ADDED from src\main\AndroidManifest.xml:22:9-28:20
	android:name
		ADDED from src\main\AndroidManifest.xml:22:19-47
intent-filter#action:name:android.intent.action.MAIN+category:name:android.intent.category.LAUNCHER
ADDED from src\main\AndroidManifest.xml:23:13-27:29
action#android.intent.action.MAIN
ADDED from src\main\AndroidManifest.xml:24:17-69
	android:name
		ADDED from src\main\AndroidManifest.xml:24:25-66
category#android.intent.category.LAUNCHER
ADDED from src\main\AndroidManifest.xml:26:17-77
	android:name
		ADDED from src\main\AndroidManifest.xml:26:27-74
meta-data#com.google.android.maps.v2.API_KEY
ADDED from src\main\AndroidManifest.xml:33:9-35:55
	android:value
		ADDED from src\main\AndroidManifest.xml:35:13-52
	android:name
		ADDED from src\main\AndroidManifest.xml:34:13-62
meta-data#com.indooratlas.android.sdk.API_KEY
ADDED from src\main\AndroidManifest.xml:36:9-38:68
	android:value
		ADDED from src\main\AndroidManifest.xml:38:13-65
	android:name
		ADDED from src\main\AndroidManifest.xml:37:13-63
meta-data#com.indooratlas.android.sdk.API_SECRET
ADDED from src\main\AndroidManifest.xml:39:9-41:160
	android:value
		ADDED from src\main\AndroidManifest.xml:41:13-157
	android:name
		ADDED from src\main\AndroidManifest.xml:40:13-66
uses-permission#android.permission.ACCESS_COARSE_LOCATION
ADDED from src\main\AndroidManifest.xml:45:5-80
MERGED from [com.indooratlas.android:indooratlas-android-sdk:2.7.0-beta-848] AndroidManifest.xml:15:5-81
MERGED from [com.indooratlas.android:indooratlas-android-sdk:2.7.0-beta-848] AndroidManifest.xml:15:5-81
	android:name
		ADDED from src\main\AndroidManifest.xml:45:22-78
uses-permission#android.permission.ACCESS_FINE_LOCATION
ADDED from src\main\AndroidManifest.xml:46:5-78
	android:name
		ADDED from src\main\AndroidManifest.xml:46:22-76
uses-permission#android.permission.BLUETOOTH
ADDED from src\main\AndroidManifest.xml:47:5-68
	android:name
		ADDED from src\main\AndroidManifest.xml:47:22-65
uses-permission#android.permission.BLUETOOTH_ADMIN
ADDED from src\main\AndroidManifest.xml:48:5-74
	android:name
		ADDED from src\main\AndroidManifest.xml:48:22-71
uses-sdk
INJECTED from src\main\AndroidManifest.xml reason: use-sdk injection requested
INJECTED from src\main\AndroidManifest.xml
INJECTED from src\main\AndroidManifest.xml
MERGED from [com.indooratlas.android:indooratlas-android-sdk:2.7.0-beta-848] AndroidManifest.xml:7:5-9:41
MERGED from [com.indooratlas.android:indooratlas-android-sdk:2.7.0-beta-848] AndroidManifest.xml:7:5-9:41
MERGED from [com.indooratlas.android:indooratlas-android-wayfinding:2.7.0-beta-9] AndroidManifest.xml:7:5-9:41
MERGED from [com.indooratlas.android:indooratlas-android-wayfinding:2.7.0-beta-9] AndroidManifest.xml:7:5-9:41
MERGED from [com.android.support:appcompat-v7:27.1.0] AndroidManifest.xml:20:5-44
MERGED from [com.android.support:appcompat-v7:27.1.0] AndroidManifest.xml:20:5-44
MERGED from [com.android.support.constraint:constraint-layout:1.0.2] AndroidManifest.xml:5:5-7:41
MERGED from [com.android.support.constraint:constraint-layout:1.0.2] AndroidManifest.xml:5:5-7:41
MERGED from [com.android.support:support-fragment:27.1.0] AndroidManifest.xml:20:5-44
MERGED from [com.android.support:support-fragment:27.1.0] AndroidManifest.xml:20:5-44
MERGED from [com.android.support:animated-vector-drawable:27.1.0] AndroidManifest.xml:20:5-44
MERGED from [com.android.support:animated-vector-drawable:27.1.0] AndroidManifest.xml:20:5-44
MERGED from [com.android.support:support-core-ui:27.1.0] AndroidManifest.xml:20:5-44
MERGED from [com.android.support:support-core-ui:27.1.0] AndroidManifest.xml:20:5-44
MERGED from [com.android.support:support-core-utils:27.1.0] AndroidManifest.xml:20:5-44
MERGED from [com.android.support:support-core-utils:27.1.0] AndroidManifest.xml:20:5-44
MERGED from [com.android.support:support-vector-drawable:27.1.0] AndroidManifest.xml:20:5-44
MERGED from [com.android.support:support-vector-drawable:27.1.0] AndroidManifest.xml:20:5-44
MERGED from [com.android.support:support-compat:27.1.0] AndroidManifest.xml:20:5-44
MERGED from [com.android.support:support-compat:27.1.0] AndroidManifest.xml:20:5-44
MERGED from [android.arch.lifecycle:livedata-core:1.1.0] AndroidManifest.xml:20:5-44
MERGED from [android.arch.lifecycle:livedata-core:1.1.0] AndroidManifest.xml:20:5-44
MERGED from [android.arch.lifecycle:viewmodel:1.1.0] AndroidManifest.xml:20:5-44
MERGED from [android.arch.lifecycle:viewmodel:1.1.0] AndroidManifest.xml:20:5-44
MERGED from [android.arch.lifecycle:runtime:1.1.0] AndroidManifest.xml:20:5-44
MERGED from [android.arch.lifecycle:runtime:1.1.0] AndroidManifest.xml:20:5-44
MERGED from [android.arch.core:runtime:1.1.0] AndroidManifest.xml:20:5-44
MERGED from [android.arch.core:runtime:1.1.0] AndroidManifest.xml:20:5-44
INJECTED from src\main\AndroidManifest.xml
INJECTED from src\main\AndroidManifest.xml
	android:targetSdkVersion
		INJECTED from src\main\AndroidManifest.xml
		ADDED from src\main\AndroidManifest.xml
		INJECTED from src\main\AndroidManifest.xml
	android:minSdkVersion
		INJECTED from src\main\AndroidManifest.xml
		ADDED from src\main\AndroidManifest.xml
		INJECTED from src\main\AndroidManifest.xml
uses-permission#android.permission.ACCESS_NETWORK_STATE
ADDED from [com.indooratlas.android:indooratlas-android-sdk:2.7.0-beta-848] AndroidManifest.xml:11:5-79
	android:name
		ADDED from [com.indooratlas.android:indooratlas-android-sdk:2.7.0-beta-848] AndroidManifest.xml:11:22-76
uses-permission#android.permission.INTERNET
ADDED from [com.indooratlas.android:indooratlas-android-sdk:2.7.0-beta-848] AndroidManifest.xml:12:5-67
	android:name
		ADDED from [com.indooratlas.android:indooratlas-android-sdk:2.7.0-beta-848] AndroidManifest.xml:12:22-64
uses-permission#android.permission.CHANGE_WIFI_STATE
ADDED from [com.indooratlas.android:indooratlas-android-sdk:2.7.0-beta-848] AndroidManifest.xml:13:5-76
	android:name
		ADDED from [com.indooratlas.android:indooratlas-android-sdk:2.7.0-beta-848] AndroidManifest.xml:13:22-73
uses-permission#android.permission.ACCESS_WIFI_STATE
ADDED from [com.indooratlas.android:indooratlas-android-sdk:2.7.0-beta-848] AndroidManifest.xml:14:5-76
	android:name
		ADDED from [com.indooratlas.android:indooratlas-android-sdk:2.7.0-beta-848] AndroidManifest.xml:14:22-73
service#com.indooratlas.android.sdk.IALocationService
ADDED from [com.indooratlas.android:indooratlas-android-sdk:2.7.0-beta-848] AndroidManifest.xml:31:9-33:49
	android:label
		ADDED from [com.indooratlas.android:indooratlas-android-sdk:2.7.0-beta-848] AndroidManifest.xml:33:13-46
	android:name
		ADDED from [com.indooratlas.android:indooratlas-android-sdk:2.7.0-beta-848] AndroidManifest.xml:32:13-73